<?xml version="1.0" encoding="UTF-8"?>
<!-- Generated by org.testng.reporters.JUnitReportReporter -->
<testsuite hostname="SagarP" failures="0" tests="2" name="testngPractice.ActiTimeLoginDataP" time="1.188" errors="0" timestamp="2024-03-14T17:06:21 IST" skipped="0">
  <testcase classname="testngPractice.ActiTimeLoginDataP" name="login" time="0.702"/>
  <testcase classname="testngPractice.ActiTimeLoginDataP" name="login" time="0.486"/>
</testsuite> <!-- testngPractice.ActiTimeLoginDataP -->
