<?xml version="1.0" encoding="UTF-8"?>
<!-- Generated by org.testng.reporters.JUnitReportReporter -->
<testsuite hostname="SagarP" failures="0" tests="1" name="testngPractice.ActiTimeLogin" time="7.215" errors="0" timestamp="2024-03-14T16:28:32 IST" skipped="0">
  <testcase classname="testngPractice.ActiTimeLogin" name="login" time="7.215"/>
</testsuite> <!-- testngPractice.ActiTimeLogin -->
