<?xml version="1.0" encoding="UTF-8"?>
<!-- Generated by org.testng.reporters.JUnitReportReporter -->
<testsuite hostname="SagarP" failures="0" tests="1" name="testngPractice.Test2" time="0.032" errors="0" timestamp="2024-03-14T15:38:01 IST" skipped="0">
  <testcase classname="testngPractice.Test2" name="F" time="0.032"/>
</testsuite> <!-- testngPractice.Test2 -->
