<?xml version="1.0" encoding="UTF-8"?>
<!-- Generated by org.testng.reporters.JUnitReportReporter -->
<testsuite hostname="SagarP" failures="0" tests="2" name="testngPractice.ParallelExe" time="99.293" errors="0" timestamp="2024-03-14T21:10:07 IST" skipped="0">
  <testcase classname="testngPractice.ParallelExe" name="CrossBrow" time="60.347"/>
  <testcase classname="testngPractice.ParallelExe" name="CrossBrow" time="38.946"/>
</testsuite> <!-- testngPractice.ParallelExe -->
