<?xml version="1.0" encoding="UTF-8"?>
<!-- Generated by org.testng.reporters.JUnitReportReporter -->
<testsuite hostname="SagarP" failures="0" tests="1" name="testngPractice.Test1" time="0.012" errors="0" timestamp="2024-03-14T15:38:01 IST" skipped="0">
  <testcase classname="testngPractice.Test1" name="B" time="0.012"/>
</testsuite> <!-- testngPractice.Test1 -->
